<?xml version="1.0" encoding="utf-8" standalone="no"?>
<!--This file represents the results of running a test suite-->
<test-results name="D:\Testes\GFT\GFT_ConsoleApp_MarcusVPAzevedo\GFT_MarcusAzevedo_NUnit_Test.nunit" total="6" errors="0" failures="0" not-run="0" inconclusive="0" ignored="0" skipped="0" invalid="0" date="2015-08-07" time="10:15:19">
  <environment nunit-version="2.6.4.14350" clr-version="2.0.50727.8009" os-version="Microsoft Windows NT 6.2.9200.0" platform="Win32NT" cwd="D:\Testes\NUnit\bin" machine-name="KINEMA-PC" user="Kinema Music" user-domain="KINEMA-PC" />
  <culture-info current-culture="pt-BR" current-uiculture="en-US" />
  <test-suite type="Project" name="D:\Testes\GFT\GFT_ConsoleApp_MarcusVPAzevedo\GFT_MarcusAzevedo_NUnit_Test.nunit" executed="True" result="Success" success="True" time="0.111" asserts="0">
    <results>
      <test-suite type="Assembly" name="D:\Testes\GFT\GFT_ConsoleApp_MarcusVPAzevedo\GFT_ConsoleApp_MarcusVPAzevedo\UnitTestProject\bin\Debug\UnitTestProject.dll" executed="True" result="Success" success="True" time="0.101" asserts="0">
        <results>
          <test-suite type="Namespace" name="UnitTestProject" executed="True" result="Success" success="True" time="0.100" asserts="0">
            <results>
              <test-suite type="TestFixture" name="UnitTest" executed="True" result="Success" success="True" time="0.099" asserts="0">
                <results>
                  <test-case name="UnitTestProject.UnitTest.TesteConsoleSample1" executed="True" result="Success" success="True" time="0.026" asserts="0" />
                  <test-case name="UnitTestProject.UnitTest.TesteConsoleSample2" executed="True" result="Success" success="True" time="0.000" asserts="0" />
                  <test-case name="UnitTestProject.UnitTest.TesteConsoleSample3" executed="True" result="Success" success="True" time="0.000" asserts="0" />
                  <test-case name="UnitTestProject.UnitTest.TesteConsoleSample4" executed="True" result="Success" success="True" time="0.001" asserts="0" />
                  <test-case name="UnitTestProject.UnitTest.TesteConsoleSample5" executed="True" result="Success" success="True" time="0.000" asserts="0" />
                  <test-case name="UnitTestProject.UnitTest.TesteConsoleSample6" executed="True" result="Success" success="True" time="0.000" asserts="0" />
                </results>
              </test-suite>
            </results>
          </test-suite>
        </results>
      </test-suite>
    </results>
  </test-suite>
</test-results>